
<testsuite name='test.org.osgi.test.cases.framework.secure' tests='314' time='88.431' failures='0' skipped='0' target='reference:file:/Users/David/clones/osgi-build_2/org.osgi.test.cases.framework.secure/generated/org.osgi.test.cases.framework.secure.jar' timestamp='2013-10-17T06:39:03' hostname='fly' framework='org.apache.felix.framework [0]' errors='0' framework-version='4.3.0.SNAPSHOT'>
  <properties>
    <property name='java.vendor' value='Apple Inc.'/>
    <property name='sun.java.launcher' value='SUN_STANDARD'/>
    <property name='sun.management.compiler' value='HotSpot 64-Bit Tiered Compilers'/>
    <property name='os.name' value='Mac OS X'/>
    <property name='sun.boot.class.path' value='/System/Library/Java/JavaVirtualMachines/1.6.0.jdk/Contents/Classes/jsfd.jar:/System/Library/Java/JavaVirtualMachines/1.6.0.jdk/Contents/Classes/classes.jar:/System/Library/Frameworks/JavaVM.framework/Frameworks/JavaRuntimeSupport.framework/Resources/Java/JavaRuntimeSupport.jar:/System/Library/Java/JavaVirtualMachines/1.6.0.jdk/Contents/Classes/ui.jar:/System/Library/Java/JavaVirtualMachines/1.6.0.jdk/Contents/Classes/laf.jar:/System/Library/Java/JavaVirtualMachines/1.6.0.jdk/Contents/Classes/sunrsasign.jar:/System/Library/Java/JavaVirtualMachines/1.6.0.jdk/Contents/Classes/jsse.jar:/System/Library/Java/JavaVirtualMachines/1.6.0.jdk/Contents/Classes/jce.jar:/System/Library/Java/JavaVirtualMachines/1.6.0.jdk/Contents/Classes/charsets.jar'/>
    <property name='tester.continuous' value='false'/>
    <property name='report' value='true'/>
    <property name='java.vm.specification.vendor' value='Sun Microsystems Inc.'/>
    <property name='java.runtime.version' value='1.6.0_65-b14-462-11M4609'/>
    <property name='launch.services' value='true'/>
    <property name='launcher.properties' value='/Users/David/clones/osgi-build_2/org.osgi.test.cases.framework.secure/generated/launch8391105866800353223.properties'/>
    <property name='user.name' value='David'/>
    <property name='awt.nativeDoubleBuffering' value='true'/>
    <property name='launch.bundles' value='/Users/David/checkouts/felix/framework.security/target/org.apache.felix.framework.security-2.3.0-SNAPSHOT.jar,/Users/David/clones/osgi-build_2/org.osgi.test.cases.framework.secure/generated/org.osgi.test.cases.framework.secure.jar'/>
    <property name='tester.trace' value='true'/>
    <property name='user.language' value='en'/>
    <property name='sun.boot.library.path' value='/System/Library/Java/JavaVirtualMachines/1.6.0.jdk/Contents/Libraries'/>
    <property name='java.version' value='1.6.0_65'/>
    <property name='user.timezone' value='America/Los_Angeles'/>
    <property name='tester.dir' value='/Users/David/clones/osgi-build_2/org.osgi.test.cases.framework.secure/generated/test-reports'/>
    <property name='sun.arch.data.model' value='64'/>
    <property name='http.nonProxyHosts' value='local|*.local|169.254/16|*.169.254/16'/>
    <property name='java.endorsed.dirs' value='/System/Library/Java/JavaVirtualMachines/1.6.0.jdk/Contents/Home/lib/endorsed'/>
    <property name='sun.cpu.isalist' value=''/>
    <property name='sun.jnu.encoding' value='MacRoman'/>
    <property name='file.encoding.pkg' value='sun.io'/>
    <property name='file.separator' value='/'/>
    <property name='java.specification.name' value='Java Platform API Specification'/>
    <property name='java.class.version' value='50.0'/>
    <property name='user.country' value='US'/>
    <property name='java.home' value='/System/Library/Java/JavaVirtualMachines/1.6.0.jdk/Contents/Home'/>
    <property name='java.vm.info' value='mixed mode'/>
    <property name='os.version' value='10.9.2'/>
    <property name='path.separator' value=':'/>
    <property name='java.vm.version' value='20.65-b04-462'/>
    <property name='java.awt.printerjob' value='apple.awt.CPrinterJob'/>
    <property name='org.osgi.framework.trust.repositories' value='/Users/David/clones/osgi-build_2/cnf/keystore'/>
    <property name='sun.io.unicode.encoding' value='UnicodeLittle'/>
    <property name='awt.toolkit' value='apple.awt.CToolkit'/>
    <property name='socksNonProxyHosts' value='local|*.local|169.254/16|*.169.254/16'/>
    <property name='ftp.nonProxyHosts' value='local|*.local|169.254/16|*.169.254/16'/>
    <property name='user.home' value='/Users/David'/>
    <property name='java.specification.vendor' value='Sun Microsystems Inc.'/>
    <property name='java.library.path' value='.:/Library/Java/Extensions:/System/Library/Java/Extensions:/usr/lib/java'/>
    <property name='java.vendor.url' value='http://www.apple.com/'/>
    <property name='java.vm.vendor' value='Apple Inc.'/>
    <property name='gopherProxySet' value='false'/>
    <property name='java.runtime.name' value='Java(TM) SE Runtime Environment'/>
    <property name='sun.java.command' value='aQute.launcher.Launcher'/>
    <property name='java.class.path' value='/Users/David/checkouts/felix/framework/target/org.apache.felix.framework-4.3.0-SNAPSHOT.jar:/Users/David/clones/osgi-build_2/licensed/repo/com.springsource.junit/com.springsource.junit-3.8.2.jar:/Users/David/clones/osgi-build_2/cnf/cache/biz.aQute.launcher/biz.aQute.launcher-latest.jar:/Users/David/clones/osgi-build_2/cnf/cache/biz.aQute.junit/biz.aQute.junit-latest.jar'/>
    <property name='launch.name' value='org.osgi.test.cases.framework.secure'/>
    <property name='launch.timeout' value='0'/>
    <property name='launch.storage.dir' value='/Users/David/clones/osgi-build_2/org.osgi.test.cases.framework.secure/generated/fw'/>
    <property name='launch.keep' value='false'/>
    <property name='java.vm.specification.name' value='Java Virtual Machine Specification'/>
    <property name='java.vm.specification.version' value='1.0'/>
    <property name='sun.cpu.endian' value='little'/>
    <property name='sun.os.patch.level' value='unknown'/>
    <property name='java.io.tmpdir' value='/var/folders/fk/0n8fx3k91ls8lh981zzmm2lh0000gn/T/'/>
    <property name='java.vendor.url.bug' value='http://bugreport.apple.com/'/>
    <property name='mrj.build' value='11M4609'/>
    <property name='os.arch' value='x86_64'/>
    <property name='java.awt.graphicsenv' value='apple.awt.CGraphicsEnvironment'/>
    <property name='java.ext.dirs' value='/Library/Java/Extensions:/System/Library/Java/Extensions:/System/Library/Java/JavaVirtualMachines/1.6.0.jdk/Contents/Home/lib/ext'/>
    <property name='mrj.version' value='1070.1.6.0_65-462'/>
    <property name='user.dir' value='/Users/David/clones/osgi-build_2/org.osgi.test.cases.framework.secure'/>
    <property name='launch.trace' value='true'/>
    <property name='line.separator' value='
'/>
    <property name='java.vm.name' value='Java HotSpot(TM) 64-Bit Server VM'/>
    <property name='osgi.resolverMode' value='strict'/>
    <property name='launch.embedded' value='false'/>
    <property name='launch.activators' value='aQute.junit.Activator'/>
    <property name='org.osgi.framework.security' value='osgi'/>
    <property name='file.encoding' value='MacRoman'/>
    <property name='launch.system.packages' value='org.osgi.framework.startlevel;uses:="org.osgi.framework";version="1.0",org.osgi.framework.wiring;uses:="org.osgi.resource,org.osgi.framework";version="1.1",org.osgi.framework.hooks.bundle;uses:="org.osgi.framework";version="1.1",org.osgi.framework.hooks.service;uses:="org.osgi.framework";version="1.1",org.osgi.framework.hooks.resolver;uses:="org.osgi.framework.wiring";version="1.0",org.osgi.framework.namespace;uses:="org.osgi.resource";version="1.0",org.osgi.framework.launch;uses:="org.osgi.framework";version="1.1",org.osgi.framework;version="1.7",org.osgi.framework.hooks.weaving;uses:="org.osgi.framework.wiring";version="1.0",org.osgi.resource;version="1.0",org.osgi.service.url;version="1.0",org.osgi.service.packageadmin;uses:="org.osgi.framework";version="1.2",org.osgi.service.startlevel;uses:="org.osgi.framework";version="1.1",org.osgi.util.tracker;uses:="org.osgi.framework";version="1.5.1",junit.awtui;version="3.8.2";uses:="junit.framework",junit.extensions;version="3.8.2";uses:="junit.framework",junit.framework;version="3.8.2",junit.runner;version="3.8.2";uses:="junit.framework",junit.swingui;version="3.8.2";uses:="javax.swing,javax.swing.event,javax.swing.tree,junit.framework,junit.runner",junit.swingui.icons;version="3.8.2",junit.textui;version="3.8.2";uses:="junit.framework,junit.runner",org.junit;version="4.10";uses:="org.junit.internal,org.junit.internal.matchers",org.junit.experimental;version="4.10";uses:="org.junit.runners,org.junit.runner,org.junit.runners.model",org.junit.experimental.categories;version="4.10";uses:="org.junit.runners,org.junit.runner.manipulation,org.junit.runner,org.junit.runners.model",org.junit.experimental.max;version="4.10";uses:="org.junit.runners,org.junit.internal.requests,org.junit.runner.notification,org.junit.internal.runners,org.junit.runner,org.junit.runners.model,junit.framework",org.junit.experimental.results;version="4.10";uses:="org.junit.runner.notification,org.junit.internal,org.junit.runner,org.junit.internal.matchers",org.junit.experimental.runners;version="4.10";uses:="org.junit.runners,org.junit.runners.model",org.junit.experimental.theories;version="4.10";uses:="org.junit.runners,org.junit.internal,org.junit,org.junit.runners.model,org.junit.experimental.theories.internal",org.junit.experimental.theories.internal;version="4.10";uses:="org.junit.runners.model,org.junit.experimental.theories",org.junit.experimental.theories.suppliers;version="4.10";uses:="org.junit.experimental.theories",org.junit.internal;version="4.10";uses:="org.junit.runner.notification,org.junit,org.junit.runner",org.junit.internal.builders;version="4.10";uses:="org.junit.runners,org.junit.runner.notification,org.junit.internal.runners,org.junit,org.junit.runner,org.junit.runners.model,junit.framework",org.junit.internal.matchers;version="4.10",org.junit.internal.requests;version="4.10";uses:="org.junit.runner.manipulation,org.junit.internal.runners,org.junit.runner,org.junit.internal.builders",org.junit.internal.runners;version="4.10";uses:="org.junit.runner.notification,org.junit.internal,org.junit.runner.manipulation,org.junit,org.junit.runner,org.junit.runners.model,junit.framework",org.junit.internal.runners.model;version="4.10";uses:="org.junit.runner.notification,org.junit.internal,org.junit.runner,org.junit.runners.model",org.junit.internal.runners.rules;version="4.10";uses:="org.junit,org.junit.runners.model,org.junit.rules",org.junit.internal.runners.statements;version="4.10";uses:="org.junit.internal,org.junit.runners.model",org.junit.matchers;version="4.10";uses:="org.junit.internal.matchers",org.junit.rules;version="4.10";uses:="org.junit.internal,org.junit,org.junit.runner,org.junit.runners.model,org.junit.matchers,org.junit.internal.matchers,org.junit.internal.runners.statements",org.junit.runner;version="4.10";uses:="org.junit.runners,org.junit.internal.requests,org.junit.runner.notification,org.junit.internal,org.junit.runner.manipulation,org.junit.internal.runners,org.junit.runners.model,org.junit.internal.builders,junit.framework",org.junit.runner.manipulation;version="4.10";uses:="org.junit.runner",org.junit.runner.notification;version="4.10";uses:="org.junit.runner",org.junit.runners;version="4.10";uses:="org.junit.runner.notification,org.junit.internal,org.junit.runner.manipulation,org.junit.internal.runners,org.junit,org.junit.runner,org.junit.internal.runners.rules,org.junit.runners.model,org.junit.internal.builders,org.junit.internal.runners.model,org.junit.internal.runners.statements,org.junit.rules",org.junit.runners.model;version="4.10";uses:="org.junit.internal.runners,org.junit,org.junit.runner,org.junit.internal.runners.model"'/>
    <property name='java.specification.version' value='1.6'/>
  </properties>
  <bundles>
    <bundle version='4.3.0.SNAPSHOT' location='System Bundle' bsn='org.apache.felix.framework' modified='1969-12-31T16:00:00' state='32' id='0'/>
    <bundle version='2.3.0.SNAPSHOT' location='reference:file:/Users/David/checkouts/felix/framework.security/target/org.apache.felix.framework.security-2.3.0-SNAPSHOT.jar' bsn='org.apache.felix.framework.security' modified='2013-10-17T06:37:34' state='4' id='1'/>
    <bundle version='5.0.0.201310171337' location='reference:file:/Users/David/clones/osgi-build_2/org.osgi.test.cases.framework.secure/generated/org.osgi.test.cases.framework.secure.jar' bsn='org.osgi.test.cases.framework.secure' modified='2013-10-17T06:37:34' state='32' target='true' id='2'/>
  </bundles>
  <testcase name='testAdaptAccessControlContextWithPermission' time='0.131' classname='org.osgi.test.cases.framework.secure.junit.adaptions.BundleAdaptTests'/>
  <testcase name='testAdaptAccessControlContextWithoutPermission' time='0.115' classname='org.osgi.test.cases.framework.secure.junit.adaptions.BundleAdaptTests'/>
  <testcase name='testAccessControlContextPermissionCheck' time='0.97' classname='org.osgi.test.cases.framework.secure.junit.adaptions.BundleAdaptTests'/>
  <testcase name='testAdaptBundleContextWithPermission' time='0.111' classname='org.osgi.test.cases.framework.secure.junit.adaptions.BundleAdaptTests'/>
  <testcase name='testAdaptBundleContextWithoutPermission' time='0.122' classname='org.osgi.test.cases.framework.secure.junit.adaptions.BundleAdaptTests'/>
  <testcase name='testAdaptBundleRevisionWithPermission' time='0.125' classname='org.osgi.test.cases.framework.secure.junit.adaptions.BundleAdaptTests'/>
  <testcase name='testAdaptBundleRevisionWithoutPermission' time='0.126' classname='org.osgi.test.cases.framework.secure.junit.adaptions.BundleAdaptTests'/>
  <testcase name='testAdaptBundleRevisionsWithPermission' time='0.115' classname='org.osgi.test.cases.framework.secure.junit.adaptions.BundleAdaptTests'/>
  <testcase name='testAdaptBundleRevisionsWithoutPermission' time='0.120' classname='org.osgi.test.cases.framework.secure.junit.adaptions.BundleAdaptTests'/>
  <testcase name='testAdaptBundleStartLevelWithPermission' time='0.151' classname='org.osgi.test.cases.framework.secure.junit.adaptions.BundleAdaptTests'/>
  <testcase name='testAdaptBundleStartLevelWithoutPermission' time='0.140' classname='org.osgi.test.cases.framework.secure.junit.adaptions.BundleAdaptTests'/>
  <testcase name='testAdaptBundleWiringWithPermission' time='0.164' classname='org.osgi.test.cases.framework.secure.junit.adaptions.BundleAdaptTests'/>
  <testcase name='testAdaptBundleWiringWithoutPermission' time='0.133' classname='org.osgi.test.cases.framework.secure.junit.adaptions.BundleAdaptTests'/>
  <testcase name='testAdaptFrameworkWithPermission' time='0.114' classname='org.osgi.test.cases.framework.secure.junit.adaptions.BundleAdaptTests'/>
  <testcase name='testAdaptFrameworkWithoutPermission' time='0.121' classname='org.osgi.test.cases.framework.secure.junit.adaptions.BundleAdaptTests'/>
  <testcase name='testAdaptFrameworkWiringWithPermission' time='0.117' classname='org.osgi.test.cases.framework.secure.junit.adaptions.BundleAdaptTests'/>
  <testcase name='testAdaptFrameworkWiringWithoutPermission' time='0.128' classname='org.osgi.test.cases.framework.secure.junit.adaptions.BundleAdaptTests'/>
  <testcase name='testAdaptFrameworkStartLevelWithPermission' time='0.117' classname='org.osgi.test.cases.framework.secure.junit.adaptions.BundleAdaptTests'/>
  <testcase name='testAdaptFrameworkStartLevelWithoutPermission' time='0.124' classname='org.osgi.test.cases.framework.secure.junit.adaptions.BundleAdaptTests'/>
  <testcase name='testFrameworkWiringRefreshBundlesWithPermission' time='0.192' classname='org.osgi.test.cases.framework.secure.junit.adaptions.BundleAdaptTests'/>
  <testcase name='testFrameworkWiringRefreshBundlesWithoutPermission' time='0.175' classname='org.osgi.test.cases.framework.secure.junit.adaptions.BundleAdaptTests'/>
  <testcase name='testFrameworkWiringResolveBundlesWithPermission' time='0.181' classname='org.osgi.test.cases.framework.secure.junit.adaptions.BundleAdaptTests'/>
  <testcase name='testFrameworkWiringResolveBundlesWithoutPermission' time='0.173' classname='org.osgi.test.cases.framework.secure.junit.adaptions.BundleAdaptTests'/>
  <testcase name='testPermissionChecking001' time='0.385' classname='org.osgi.test.cases.framework.secure.junit.classloading.ClassLoadingTests'>
    <system-out>
      Changing a permission class to avoid authorization checking
    </system-out>
  </testcase>
  <testcase name='testRequiredBundle003' time='0.102' classname='org.osgi.test.cases.framework.secure.junit.classloading.ClassLoadingTests'/>
  <testcase name='testBundlePermission' time='0.236' classname='org.osgi.test.cases.framework.secure.junit.fragments.TestControl'/>
  <testcase name='testResourceAccessPermission' time='0.150' classname='org.osgi.test.cases.framework.secure.junit.fragments.TestControl'/>
  <testcase name='testWeavingPermission' time='0.75' classname='org.osgi.test.cases.framework.secure.junit.hooks.weaving.WeavingHookTests'/>
  <testcase name='testPermissions' time='0.171' classname='org.osgi.test.cases.framework.secure.junit.lifecycle.TestBundleControl'/>
  <testcase name='testHasPermission' time='0.53' classname='org.osgi.test.cases.framework.secure.junit.lifecycle.TestBundleControl'/>
  <testcase name='testAccessControlContext' time='0.56' classname='org.osgi.test.cases.framework.secure.junit.lifecycle.TestBundleControl'/>
  <testcase name='testRecursion' time='0.154' classname='org.osgi.test.cases.framework.secure.junit.permissions.AdminPermissionBundleTests'/>
  <testcase name='testBundleSource' time='0.0' classname='org.osgi.test.cases.framework.secure.junit.permissions.AdminPermissionBundleTests'/>
  <testcase name='testImpliedCapabilityPermission' time='0.122' classname='org.osgi.test.cases.framework.secure.junit.permissions.CapabilityPermissionTests'/>
  <testcase name='testCapabilityPermission' time='0.932' classname='org.osgi.test.cases.framework.secure.junit.permissions.CapabilityPermissionTests'/>
  <testcase name='testServiceRegistration1_1_1' time='0.661' classname='org.osgi.test.cases.framework.secure.junit.permissions.FilteredTestControl'/>
  <testcase name='testServiceRegistration1_1_2' time='0.617' classname='org.osgi.test.cases.framework.secure.junit.permissions.FilteredTestControl'/>
  <testcase name='testServiceRegistration1_1_3' time='0.648' classname='org.osgi.test.cases.framework.secure.junit.permissions.FilteredTestControl'/>
  <testcase name='testServiceRegistration1_1_4' time='0.695' classname='org.osgi.test.cases.framework.secure.junit.permissions.FilteredTestControl'/>
  <testcase name='testServiceRegistration1_2_1' time='0.633' classname='org.osgi.test.cases.framework.secure.junit.permissions.FilteredTestControl'>
    <system-err>
      org.osgi.framework.BundleException: Activator start error in
       bundle org.osgi.test.cases.framework.secure.permissions.register
       [113].
	at org.apache.felix.framework.Felix.activateBundle(Felix.java:2202)
      
	at org.apache.felix.framework.Felix.startBundle(Felix.java:2070)
      
	at org.apache.felix.framework.BundleImpl.start(BundleImpl.java:976)
      
	at org.apache.felix.framework.BundleImpl.start(BundleImpl.java:963)
      
	at org.osgi.test.cases.framework.secure.junit.permissions.FilteredTestControl.startBundleAndCheckSecurityException(FilteredTestControl.java:2143)
      
	at org.osgi.test.cases.framework.secure.junit.permissions.FilteredTestControl.testServiceRegistration1_2_1(FilteredTestControl.java:239)
      
	at sun.reflect.NativeMethodAccessorImpl.invoke0(Native Method)
      
	at sun.reflect.NativeMethodAccessorImpl.invoke(NativeMethodAccessorImpl.java:39)
      
	at sun.reflect.DelegatingMethodAccessorImpl.invoke(DelegatingMethodAccessorImpl.java:25)
      
	at java.lang.reflect.Method.invoke(Method.java:597)
	at junit.framework.TestCase.runTest(TestCase.java:164)
      
	at junit.framework.TestCase.runBare(TestCase.java:130)
	at
       junit.framework.TestResult$1.protect(TestResult.java:106)
      
	at junit.framework.TestResult.runProtected(TestResult.java:124)
      
	at junit.framework.TestResult.run(TestResult.java:109)
	at
       junit.framework.TestCase.run(TestCase.java:120)
	at junit.framework.TestSuite.runTest(TestSuite.java:230)
      
	at junit.framework.TestSuite.run(TestSuite.java:225)
	at
       junit.framework.TestSuite.runTest(TestSuite.java:230)
	at
       junit.framework.TestSuite.run(TestSuite.java:225)
	at aQute.junit.Activator.test(Activator.java:226)
      
	at aQute.junit.Activator.automatic(Activator.java:118)
	at
       aQute.junit.Activator.run(Activator.java:59)
Caused by: java.security.AccessControlException:
       access denied (org.osgi.framework.ServicePermission org.osgi.test.cases.framework.secure.permissions.util.IService1
       register)
	at java.security.AccessControlContext.checkPermission(AccessControlContext.java:376)
      
	at java.security.AccessController.checkPermission(AccessController.java:549)
      
	at java.lang.SecurityManager.checkPermission(SecurityManager.java:532)
      
	at org.apache.felix.framework.BundleContextImpl.registerService(BundleContextImpl.java:340)
      
	at org.apache.felix.framework.BundleContextImpl.registerService(BundleContextImpl.java:320)
      
	at org.osgi.test.cases.framework.secure.permissions.register.RegisterActivator.start(RegisterActivator.java:60)
      
	at org.apache.felix.framework.util.SecureAction$Actions.run(SecureAction.java:1630)
      
	at java.security.AccessController.doPrivileged(Native Method)
      
	at org.apache.felix.framework.util.SecureAction.startActivator(SecureAction.java:636)
      
	at org.apache.felix.framework.Felix.activateBundle(Felix.java:2152)
      
	... 22 more
    </system-err>
  </testcase>
  <testcase name='testServiceRegistration1_3_1' time='0.679' classname='org.osgi.test.cases.framework.secure.junit.permissions.FilteredTestControl'>
    <system-err>
      org.osgi.framework.BundleException: Activator start error in
       bundle org.osgi.test.cases.framework.secure.permissions.register
       [122].
	at org.apache.felix.framework.Felix.activateBundle(Felix.java:2202)
      
	at org.apache.felix.framework.Felix.startBundle(Felix.java:2070)
      
	at org.apache.felix.framework.BundleImpl.start(BundleImpl.java:976)
      
	at org.apache.felix.framework.BundleImpl.start(BundleImpl.java:963)
      
	at org.osgi.test.cases.framework.secure.junit.permissions.FilteredTestControl.startBundleAndCheckSecurityException(FilteredTestControl.java:2143)
      
	at org.osgi.test.cases.framework.secure.junit.permissions.FilteredTestControl.testServiceRegistration1_3_1(FilteredTestControl.java:250)
      
	at sun.reflect.NativeMethodAccessorImpl.invoke0(Native Method)
      
	at sun.reflect.NativeMethodAccessorImpl.invoke(NativeMethodAccessorImpl.java:39)
      
	at sun.reflect.DelegatingMethodAccessorImpl.invoke(DelegatingMethodAccessorImpl.java:25)
      
	at java.lang.reflect.Method.invoke(Method.java:597)
	at junit.framework.TestCase.runTest(TestCase.java:164)
      
	at junit.framework.TestCase.runBare(TestCase.java:130)
	at
       junit.framework.TestResult$1.protect(TestResult.java:106)
      
	at junit.framework.TestResult.runProtected(TestResult.java:124)
      
	at junit.framework.TestResult.run(TestResult.java:109)
	at
       junit.framework.TestCase.run(TestCase.java:120)
	at junit.framework.TestSuite.runTest(TestSuite.java:230)
      
	at junit.framework.TestSuite.run(TestSuite.java:225)
	at
       junit.framework.TestSuite.runTest(TestSuite.java:230)
	at
       junit.framework.TestSuite.run(TestSuite.java:225)
	at aQute.junit.Activator.test(Activator.java:226)
      
	at aQute.junit.Activator.automatic(Activator.java:118)
	at
       aQute.junit.Activator.run(Activator.java:59)
Caused by: java.security.AccessControlException:
       access denied (org.osgi.framework.ServicePermission org.osgi.test.cases.framework.secure.permissions.util.IService1
       register)
	at java.security.AccessControlContext.checkPermission(AccessControlContext.java:376)
      
	at java.security.AccessController.checkPermission(AccessController.java:549)
      
	at java.lang.SecurityManager.checkPermission(SecurityManager.java:532)
      
	at org.apache.felix.framework.BundleContextImpl.registerService(BundleContextImpl.java:340)
      
	at org.apache.felix.framework.BundleContextImpl.registerService(BundleContextImpl.java:320)
      
	at org.osgi.test.cases.framework.secure.permissions.register.RegisterActivator.start(RegisterActivator.java:60)
      
	at org.apache.felix.framework.util.SecureAction$Actions.run(SecureAction.java:1630)
      
	at java.security.AccessController.doPrivileged(Native Method)
      
	at org.apache.felix.framework.util.SecureAction.startActivator(SecureAction.java:636)
      
	at org.apache.felix.framework.Felix.activateBundle(Felix.java:2152)
      
	... 22 more
    </system-err>
  </testcase>
  <testcase name='testServiceRegistration1_3_2' time='0.680' classname='org.osgi.test.cases.framework.secure.junit.permissions.FilteredTestControl'>
    <system-err>
      org.osgi.framework.BundleException: Activator start error in
       bundle org.osgi.test.cases.framework.secure.permissions.register
       [131].
	at org.apache.felix.framework.Felix.activateBundle(Felix.java:2202)
      
	at org.apache.felix.framework.Felix.startBundle(Felix.java:2070)
      
	at org.apache.felix.framework.BundleImpl.start(BundleImpl.java:976)
      
	at org.apache.felix.framework.BundleImpl.start(BundleImpl.java:963)
      
	at org.osgi.test.cases.framework.secure.junit.permissions.FilteredTestControl.startBundleAndCheckSecurityException(FilteredTestControl.java:2143)
      
	at org.osgi.test.cases.framework.secure.junit.permissions.FilteredTestControl.testServiceRegistration1_3_2(FilteredTestControl.java:262)
      
	at sun.reflect.NativeMethodAccessorImpl.invoke0(Native Method)
      
	at sun.reflect.NativeMethodAccessorImpl.invoke(NativeMethodAccessorImpl.java:39)
      
	at sun.reflect.DelegatingMethodAccessorImpl.invoke(DelegatingMethodAccessorImpl.java:25)
      
	at java.lang.reflect.Method.invoke(Method.java:597)
	at junit.framework.TestCase.runTest(TestCase.java:164)
      
	at junit.framework.TestCase.runBare(TestCase.java:130)
	at
       junit.framework.TestResult$1.protect(TestResult.java:106)
      
	at junit.framework.TestResult.runProtected(TestResult.java:124)
      
	at junit.framework.TestResult.run(TestResult.java:109)
	at
       junit.framework.TestCase.run(TestCase.java:120)
	at junit.framework.TestSuite.runTest(TestSuite.java:230)
      
	at junit.framework.TestSuite.run(TestSuite.java:225)
	at
       junit.framework.TestSuite.runTest(TestSuite.java:230)
	at
       junit.framework.TestSuite.run(TestSuite.java:225)
	at aQute.junit.Activator.test(Activator.java:226)
      
	at aQute.junit.Activator.automatic(Activator.java:118)
	at
       aQute.junit.Activator.run(Activator.java:59)
Caused by: java.security.AccessControlException:
       access denied (org.osgi.framework.ServicePermission org.osgi.test.cases.framework.secure.permissions.util.IService1
       register)
	at java.security.AccessControlContext.checkPermission(AccessControlContext.java:376)
      
	at java.security.AccessController.checkPermission(AccessController.java:549)
      
	at java.lang.SecurityManager.checkPermission(SecurityManager.java:532)
      
	at org.apache.felix.framework.BundleContextImpl.registerService(BundleContextImpl.java:340)
      
	at org.apache.felix.framework.BundleContextImpl.registerService(BundleContextImpl.java:320)
      
	at org.osgi.test.cases.framework.secure.permissions.register.RegisterActivator.start(RegisterActivator.java:60)
      
	at org.apache.felix.framework.util.SecureAction$Actions.run(SecureAction.java:1630)
      
	at java.security.AccessController.doPrivileged(Native Method)
      
	at org.apache.felix.framework.util.SecureAction.startActivator(SecureAction.java:636)
      
	at org.apache.felix.framework.Felix.activateBundle(Felix.java:2152)
      
	... 22 more
    </system-err>
  </testcase>
  <testcase name='testPluralInterfaceRegister1_4_1' time='0.691' classname='org.osgi.test.cases.framework.secure.junit.permissions.FilteredTestControl'/>
  <testcase name='testPluralInterfaceRegister1_4_2' time='0.672' classname='org.osgi.test.cases.framework.secure.junit.permissions.FilteredTestControl'>
    <system-err>
      org.osgi.framework.BundleException: Activator start error in
       bundle org.osgi.test.cases.framework.secure.permissions.registerPlural
       [150].
	at org.apache.felix.framework.Felix.activateBundle(Felix.java:2202)
      
	at org.apache.felix.framework.Felix.startBundle(Felix.java:2070)
      
	at org.apache.felix.framework.BundleImpl.start(BundleImpl.java:976)
      
	at org.apache.felix.framework.BundleImpl.start(BundleImpl.java:963)
      
	at org.osgi.test.cases.framework.secure.junit.permissions.FilteredTestControl.startBundleAndCheckSecurityException(FilteredTestControl.java:2143)
      
	at org.osgi.test.cases.framework.secure.junit.permissions.FilteredTestControl.testPluralInterfaceRegister1_4_2(FilteredTestControl.java:283)
      
	at sun.reflect.NativeMethodAccessorImpl.invoke0(Native Method)
      
	at sun.reflect.NativeMethodAccessorImpl.invoke(NativeMethodAccessorImpl.java:39)
      
	at sun.reflect.DelegatingMethodAccessorImpl.invoke(DelegatingMethodAccessorImpl.java:25)
      
	at java.lang.reflect.Method.invoke(Method.java:597)
	at junit.framework.TestCase.runTest(TestCase.java:164)
      
	at junit.framework.TestCase.runBare(TestCase.java:130)
	at
       junit.framework.TestResult$1.protect(TestResult.java:106)
      
	at junit.framework.TestResult.runProtected(TestResult.java:124)
      
	at junit.framework.TestResult.run(TestResult.java:109)
	at
       junit.framework.TestCase.run(TestCase.java:120)
	at junit.framework.TestSuite.runTest(TestSuite.java:230)
      
	at junit.framework.TestSuite.run(TestSuite.java:225)
	at
       junit.framework.TestSuite.runTest(TestSuite.java:230)
	at
       junit.framework.TestSuite.run(TestSuite.java:225)
	at aQute.junit.Activator.test(Activator.java:226)
      
	at aQute.junit.Activator.automatic(Activator.java:118)
	at
       aQute.junit.Activator.run(Activator.java:59)
Caused by: java.security.AccessControlException:
       access denied (org.osgi.framework.ServicePermission org.osgi.test.cases.framework.secure.permissions.util.IService2
       register)
	at java.security.AccessControlContext.checkPermission(AccessControlContext.java:376)
      
	at java.security.AccessController.checkPermission(AccessController.java:549)
      
	at java.lang.SecurityManager.checkPermission(SecurityManager.java:532)
      
	at org.apache.felix.framework.BundleContextImpl.registerService(BundleContextImpl.java:340)
      
	at org.osgi.test.cases.framework.secure.permissions.registerPlural.registerPluralActivator.start(registerPluralActivator.java:60)
      
	at org.apache.felix.framework.util.SecureAction$Actions.run(SecureAction.java:1630)
      
	at java.security.AccessController.doPrivileged(Native Method)
      
	at org.apache.felix.framework.util.SecureAction.startActivator(SecureAction.java:636)
      
	at org.apache.felix.framework.Felix.activateBundle(Felix.java:2152)
      
	... 22 more
    </system-err>
  </testcase>
  <testcase name='testPluralInterfaceRegister1_4_3' time='0.656' classname='org.osgi.test.cases.framework.secure.junit.permissions.FilteredTestControl'/>
  <testcase name='testServiceGet2_01_1' time='0.700' classname='org.osgi.test.cases.framework.secure.junit.permissions.FilteredTestControl'/>
  <testcase name='testServiceGet2_01_2' time='0.716' classname='org.osgi.test.cases.framework.secure.junit.permissions.FilteredTestControl'/>
  <testcase name='testServiceGet2_01_3' time='0.704' classname='org.osgi.test.cases.framework.secure.junit.permissions.FilteredTestControl'/>
  <testcase name='testServiceGet2_01_4' time='0.695' classname='org.osgi.test.cases.framework.secure.junit.permissions.FilteredTestControl'/>
  <testcase name='testServiceGet2_02_1' time='0.683' classname='org.osgi.test.cases.framework.secure.junit.permissions.FilteredTestControl'/>
  <testcase name='testServiceGet2_02_2' time='0.693' classname='org.osgi.test.cases.framework.secure.junit.permissions.FilteredTestControl'/>
  <testcase name='testServiceGet2_02_3' time='0.707' classname='org.osgi.test.cases.framework.secure.junit.permissions.FilteredTestControl'/>
  <testcase name='testServiceGet2_02_4' time='0.678' classname='org.osgi.test.cases.framework.secure.junit.permissions.FilteredTestControl'/>
  <testcase name='testServiceGet2_03_1' time='0.690' classname='org.osgi.test.cases.framework.secure.junit.permissions.FilteredTestControl'/>
  <testcase name='testServiceGet2_03_2' time='0.683' classname='org.osgi.test.cases.framework.secure.junit.permissions.FilteredTestControl'/>
  <testcase name='testServiceGet2_03_3' time='0.669' classname='org.osgi.test.cases.framework.secure.junit.permissions.FilteredTestControl'/>
  <testcase name='testServiceGet2_04_1' time='0.684' classname='org.osgi.test.cases.framework.secure.junit.permissions.FilteredTestControl'/>
  <testcase name='testServiceGet2_05_1' time='0.701' classname='org.osgi.test.cases.framework.secure.junit.permissions.FilteredTestControl'/>
  <testcase name='testServiceGet2_05_2' time='0.700' classname='org.osgi.test.cases.framework.secure.junit.permissions.FilteredTestControl'/>
  <testcase name='testServiceGet2_06_1' time='0.768' classname='org.osgi.test.cases.framework.secure.junit.permissions.FilteredTestControl'/>
  <testcase name='testServiceGet2_06_2' time='0.699' classname='org.osgi.test.cases.framework.secure.junit.permissions.FilteredTestControl'/>
  <testcase name='testServiceGet2_06_3' time='0.671' classname='org.osgi.test.cases.framework.secure.junit.permissions.FilteredTestControl'/>
  <testcase name='testServiceGet2_07_1' time='0.714' classname='org.osgi.test.cases.framework.secure.junit.permissions.FilteredTestControl'/>
  <testcase name='testServiceGet2_07_2' time='0.673' classname='org.osgi.test.cases.framework.secure.junit.permissions.FilteredTestControl'/>
  <testcase name='testServiceGet2_07_3' time='0.671' classname='org.osgi.test.cases.framework.secure.junit.permissions.FilteredTestControl'/>
  <testcase name='testServiceGet2_07_4' time='0.699' classname='org.osgi.test.cases.framework.secure.junit.permissions.FilteredTestControl'/>
  <testcase name='testServiceGet2_08_1' time='0.680' classname='org.osgi.test.cases.framework.secure.junit.permissions.FilteredTestControl'/>
  <testcase name='testServiceGet2_08_2' time='0.697' classname='org.osgi.test.cases.framework.secure.junit.permissions.FilteredTestControl'/>
  <testcase name='testServiceGet2_08_3' time='0.666' classname='org.osgi.test.cases.framework.secure.junit.permissions.FilteredTestControl'/>
  <testcase name='testServiceGet2_08_4' time='0.696' classname='org.osgi.test.cases.framework.secure.junit.permissions.FilteredTestControl'/>
  <testcase name='testServiceGet2_08_5' time='0.683' classname='org.osgi.test.cases.framework.secure.junit.permissions.FilteredTestControl'/>
  <testcase name='testServiceGet2_08_6' time='0.685' classname='org.osgi.test.cases.framework.secure.junit.permissions.FilteredTestControl'/>
  <testcase name='testServiceGet2_08_7' time='0.716' classname='org.osgi.test.cases.framework.secure.junit.permissions.FilteredTestControl'/>
  <testcase name='testServiceGet2_08_8' time='0.668' classname='org.osgi.test.cases.framework.secure.junit.permissions.FilteredTestControl'/>
  <testcase name='testServiceGet2_08_9' time='0.670' classname='org.osgi.test.cases.framework.secure.junit.permissions.FilteredTestControl'/>
  <testcase name='testServiceGet2_08_10' time='0.665' classname='org.osgi.test.cases.framework.secure.junit.permissions.FilteredTestControl'/>
  <testcase name='testServiceGet2_08_11' time='0.668' classname='org.osgi.test.cases.framework.secure.junit.permissions.FilteredTestControl'/>
  <testcase name='testServiceGet2_08_12' time='0.625' classname='org.osgi.test.cases.framework.secure.junit.permissions.FilteredTestControl'/>
  <testcase name='testServiceGet2_09_1' time='0.638' classname='org.osgi.test.cases.framework.secure.junit.permissions.FilteredTestControl'/>
  <testcase name='testServiceGet2_09_2' time='0.664' classname='org.osgi.test.cases.framework.secure.junit.permissions.FilteredTestControl'/>
  <testcase name='testServiceGet2_10_1' time='0.672' classname='org.osgi.test.cases.framework.secure.junit.permissions.FilteredTestControl'/>
  <testcase name='testServiceGet2_10_2' time='0.676' classname='org.osgi.test.cases.framework.secure.junit.permissions.FilteredTestControl'/>
  <testcase name='testServiceGet2_10_3' time='0.668' classname='org.osgi.test.cases.framework.secure.junit.permissions.FilteredTestControl'/>
  <testcase name='testServiceGet2_10_4' time='0.672' classname='org.osgi.test.cases.framework.secure.junit.permissions.FilteredTestControl'/>
  <testcase name='testServiceGet2_10_5' time='0.686' classname='org.osgi.test.cases.framework.secure.junit.permissions.FilteredTestControl'/>
  <testcase name='testServiceGet2_10_6' time='0.706' classname='org.osgi.test.cases.framework.secure.junit.permissions.FilteredTestControl'/>
  <testcase name='testServiceGet2_10_7' time='0.669' classname='org.osgi.test.cases.framework.secure.junit.permissions.FilteredTestControl'/>
  <testcase name='testServiceGet2_11_1' time='0.651' classname='org.osgi.test.cases.framework.secure.junit.permissions.FilteredTestControl'/>
  <testcase name='testServiceGet2_11_2' time='0.681' classname='org.osgi.test.cases.framework.secure.junit.permissions.FilteredTestControl'/>
  <testcase name='testServiceGet2_11_3' time='0.656' classname='org.osgi.test.cases.framework.secure.junit.permissions.FilteredTestControl'/>
  <testcase name='testServiceGet2_11_4' time='0.645' classname='org.osgi.test.cases.framework.secure.junit.permissions.FilteredTestControl'/>
  <testcase name='testServiceGet2_12_1' time='0.665' classname='org.osgi.test.cases.framework.secure.junit.permissions.FilteredTestControl'/>
  <testcase name='testServiceGet2_12_2' time='0.703' classname='org.osgi.test.cases.framework.secure.junit.permissions.FilteredTestControl'/>
  <testcase name='testServiceGet2_12_3' time='0.646' classname='org.osgi.test.cases.framework.secure.junit.permissions.FilteredTestControl'/>
  <testcase name='testServiceEvent3_1_1' time='0.645' classname='org.osgi.test.cases.framework.secure.junit.permissions.FilteredTestControl'/>
  <testcase name='testServiceEvent3_1_2' time='0.665' classname='org.osgi.test.cases.framework.secure.junit.permissions.FilteredTestControl'/>
  <testcase name='testServiceEvent3_1_3' time='0.655' classname='org.osgi.test.cases.framework.secure.junit.permissions.FilteredTestControl'/>
  <testcase name='testServiceEvent3_1_4' time='0.644' classname='org.osgi.test.cases.framework.secure.junit.permissions.FilteredTestControl'/>
  <testcase name='testGetRegisteredService4_1_1' time='0.613' classname='org.osgi.test.cases.framework.secure.junit.permissions.FilteredTestControl'/>
  <testcase name='testGetRegisteredService4_1_2' time='0.640' classname='org.osgi.test.cases.framework.secure.junit.permissions.FilteredTestControl'/>
  <testcase name='testGetRegisteredService4_2_1' time='0.672' classname='org.osgi.test.cases.framework.secure.junit.permissions.FilteredTestControl'/>
  <testcase name='testGetRegisteredService4_2_2' time='0.665' classname='org.osgi.test.cases.framework.secure.junit.permissions.FilteredTestControl'/>
  <testcase name='testGetRegisteredService4_2_3' time='0.666' classname='org.osgi.test.cases.framework.secure.junit.permissions.FilteredTestControl'/>
  <testcase name='testGetRegisteredService4_2_4' time='0.676' classname='org.osgi.test.cases.framework.secure.junit.permissions.FilteredTestControl'/>
  <testcase name='testGetRegisteredService4_2_5' time='0.639' classname='org.osgi.test.cases.framework.secure.junit.permissions.FilteredTestControl'/>
  <testcase name='testGetRegisteredService4_2_6' time='0.640' classname='org.osgi.test.cases.framework.secure.junit.permissions.FilteredTestControl'/>
  <testcase name='testGetServicesInUse5_1_1' time='0.698' classname='org.osgi.test.cases.framework.secure.junit.permissions.FilteredTestControl'/>
  <testcase name='testGetServicesInUse5_1_2' time='0.682' classname='org.osgi.test.cases.framework.secure.junit.permissions.FilteredTestControl'/>
  <testcase name='testGetServicesInUse5_2_1' time='0.684' classname='org.osgi.test.cases.framework.secure.junit.permissions.FilteredTestControl'/>
  <testcase name='testGetServicesInUse5_2_2' time='0.670' classname='org.osgi.test.cases.framework.secure.junit.permissions.FilteredTestControl'/>
  <testcase name='testGetServicesInUse5_2_3' time='0.655' classname='org.osgi.test.cases.framework.secure.junit.permissions.FilteredTestControl'/>
  <testcase name='testGetServicesInUse5_2_4' time='0.687' classname='org.osgi.test.cases.framework.secure.junit.permissions.FilteredTestControl'/>
  <testcase name='testGetServicesInUse5_2_5' time='0.678' classname='org.osgi.test.cases.framework.secure.junit.permissions.FilteredTestControl'/>
  <testcase name='testGetServicesInUse5_2_6' time='0.671' classname='org.osgi.test.cases.framework.secure.junit.permissions.FilteredTestControl'/>
  <testcase name='testExportPackage7_1_1' time='0.673' classname='org.osgi.test.cases.framework.secure.junit.permissions.FilteredTestControl'/>
  <testcase name='testExportPackage7_1_2' time='0.695' classname='org.osgi.test.cases.framework.secure.junit.permissions.FilteredTestControl'/>
  <testcase name='testExportPackage7_1_3' time='0.677' classname='org.osgi.test.cases.framework.secure.junit.permissions.FilteredTestControl'/>
  <testcase name='testExportPackage7_1_4' time='0.672' classname='org.osgi.test.cases.framework.secure.junit.permissions.FilteredTestControl'/>
  <testcase name='testExportPackage7_2_1' time='0.792' classname='org.osgi.test.cases.framework.secure.junit.permissions.FilteredTestControl'/>
  <testcase name='testExportPackage7_2_2' time='0.681' classname='org.osgi.test.cases.framework.secure.junit.permissions.FilteredTestControl'/>
  <testcase name='testExportPackage7_3_1' time='0.667' classname='org.osgi.test.cases.framework.secure.junit.permissions.FilteredTestControl'/>
  <testcase name='testExportPackage7_3_2' time='0.701' classname='org.osgi.test.cases.framework.secure.junit.permissions.FilteredTestControl'/>
  <testcase name='testExportPackage7_3_3' time='0.690' classname='org.osgi.test.cases.framework.secure.junit.permissions.FilteredTestControl'/>
  <testcase name='testExportPackage7_3_4' time='0.702' classname='org.osgi.test.cases.framework.secure.junit.permissions.FilteredTestControl'/>
  <testcase name='testExportPackage7_4_1' time='0.684' classname='org.osgi.test.cases.framework.secure.junit.permissions.FilteredTestControl'/>
  <testcase name='testExportPackage7_4_2' time='0.689' classname='org.osgi.test.cases.framework.secure.junit.permissions.FilteredTestControl'/>
  <testcase name='testExportPackage7_5_1' time='0.745' classname='org.osgi.test.cases.framework.secure.junit.permissions.FilteredTestControl'>
    <system-out>
      bundle=org.osgi.test.cases.framework.secure.permissions.exporter1
       [916]
	[Bundle-SymbolicName: org.osgi.test.cases.framework.secure.permissions.exporter1]
      
	[Export-Package: org.osgi.test.cases.framework.secure.permissions.sharedPkg;version="1.0.0"]
      
	[Import-Package: org.osgi.framework;version="[1.7,2)",org.osgi.test.cases.framework.secure.permissions.sharedPkg;version="1.0.0"]
      
bundle=org.osgi.test.cases.framework.secure.permissions.exporter2
       [917]
	[Bundle-SymbolicName: org.osgi.test.cases.framework.secure.permissions.exporter2]
      
	[Export-Package: org.osgi.test.cases.framework.secure.permissions.sharedPkg;version="2.0.0"]
      
	[Import-Package: org.osgi.framework;version="[1.7,2)",org.osgi.test.cases.framework.secure.permissions.sharedPkg;version="2.0.0"]
    </system-out>
  </testcase>
  <testcase name='testExportPackage7_5_2' time='0.729' classname='org.osgi.test.cases.framework.secure.junit.permissions.FilteredTestControl'/>
  <testcase name='testExportPackage7_5_3' time='0.741' classname='org.osgi.test.cases.framework.secure.junit.permissions.FilteredTestControl'/>
  <testcase name='testExportPackage7_5_4' time='0.727' classname='org.osgi.test.cases.framework.secure.junit.permissions.FilteredTestControl'/>
  <testcase name='testExportPackage7_5_5' time='0.702' classname='org.osgi.test.cases.framework.secure.junit.permissions.FilteredTestControl'/>
  <testcase name='testImportPackage8_1_1' time='0.739' classname='org.osgi.test.cases.framework.secure.junit.permissions.FilteredTestControl'>
    <system-out>
      bundle=org.osgi.test.cases.framework.secure.permissions.exporter1
       [971]
	[Bundle-SymbolicName: org.osgi.test.cases.framework.secure.permissions.exporter1]
      
	[Export-Package: org.osgi.test.cases.framework.secure.permissions.sharedPkg;version="1.0.0"]
      
	[Import-Package: org.osgi.framework;version="[1.7,2)",org.osgi.test.cases.framework.secure.permissions.sharedPkg;version="1.0.0"]
      
bundle=org.osgi.test.cases.framework.secure.permissions.importer1
       [972]
	[Bundle-SymbolicName: org.osgi.test.cases.framework.secure.permissions.importer1]
      
	[Import-Package: org.osgi.framework;version="[1.7,2)",org.osgi.test.cases.framework.secure.permissions.sharedPkg;version="1.0.0"]
    </system-out>
  </testcase>
  <testcase name='testImportPackage8_1_2' time='0.739' classname='org.osgi.test.cases.framework.secure.junit.permissions.FilteredTestControl'>
    <system-out>
      bundle=org.osgi.test.cases.framework.secure.permissions.exporter1
       [982]
	[Bundle-SymbolicName: org.osgi.test.cases.framework.secure.permissions.exporter1]
      
	[Export-Package: org.osgi.test.cases.framework.secure.permissions.sharedPkg;version="1.0.0"]
      
	[Import-Package: org.osgi.framework;version="[1.7,2)",org.osgi.test.cases.framework.secure.permissions.sharedPkg;version="1.0.0"]
      
bundle=org.osgi.test.cases.framework.secure.permissions.importer1
       [983]
	[Bundle-SymbolicName: org.osgi.test.cases.framework.secure.permissions.importer1]
      
	[Import-Package: org.osgi.framework;version="[1.7,2)",org.osgi.test.cases.framework.secure.permissions.sharedPkg;version="1.0.0"]
    </system-out>
  </testcase>
  <testcase name='testImportPackage8_1_3' time='0.726' classname='org.osgi.test.cases.framework.secure.junit.permissions.FilteredTestControl'>
    <system-out>
      bundle=org.osgi.test.cases.framework.secure.permissions.exporter1
       [993]
	[Bundle-SymbolicName: org.osgi.test.cases.framework.secure.permissions.exporter1]
      
	[Export-Package: org.osgi.test.cases.framework.secure.permissions.sharedPkg;version="1.0.0"]
      
	[Import-Package: org.osgi.framework;version="[1.7,2)",org.osgi.test.cases.framework.secure.permissions.sharedPkg;version="1.0.0"]
      
bundle=org.osgi.test.cases.framework.secure.permissions.importer1
       [994]
	[Bundle-SymbolicName: org.osgi.test.cases.framework.secure.permissions.importer1]
      
	[Import-Package: org.osgi.framework;version="[1.7,2)",org.osgi.test.cases.framework.secure.permissions.sharedPkg;version="1.0.0"]
    </system-out>
  </testcase>
  <testcase name='testImportPackage8_1_4' time='0.718' classname='org.osgi.test.cases.framework.secure.junit.permissions.FilteredTestControl'>
    <system-out>
      bundle=org.osgi.test.cases.framework.secure.permissions.exporter1
       [1004]
	[Bundle-SymbolicName: org.osgi.test.cases.framework.secure.permissions.exporter1]
      
	[Export-Package: org.osgi.test.cases.framework.secure.permissions.sharedPkg;version="1.0.0"]
      
	[Import-Package: org.osgi.framework;version="[1.7,2)",org.osgi.test.cases.framework.secure.permissions.sharedPkg;version="1.0.0"]
      
bundle=org.osgi.test.cases.framework.secure.permissions.importer1
       [1005]
	[Bundle-SymbolicName: org.osgi.test.cases.framework.secure.permissions.importer1]
      
	[Import-Package: org.osgi.framework;version="[1.7,2)",org.osgi.test.cases.framework.secure.permissions.sharedPkg;version="1.0.0"]
    </system-out>
  </testcase>
  <testcase name='testImportPackage8_2_1' time='0.759' classname='org.osgi.test.cases.framework.secure.junit.permissions.FilteredTestControl'>
    <system-out>
      bundle=org.osgi.test.cases.framework.secure.permissions.exporter1
       [1015]
	[Bundle-SymbolicName: org.osgi.test.cases.framework.secure.permissions.exporter1]
      
	[Export-Package: org.osgi.test.cases.framework.secure.permissions.sharedPkg;version="1.0.0"]
      
	[Import-Package: org.osgi.framework;version="[1.7,2)",org.osgi.test.cases.framework.secure.permissions.sharedPkg;version="1.0.0"]
      
bundle=org.osgi.test.cases.framework.secure.permissions.importer1
       [1016]
	[Bundle-SymbolicName: org.osgi.test.cases.framework.secure.permissions.importer1]
      
	[Import-Package: org.osgi.framework;version="[1.7,2)",org.osgi.test.cases.framework.secure.permissions.sharedPkg;version="1.0.0"]
    </system-out>
  </testcase>
  <testcase name='testImportPackage8_2_2' time='0.725' classname='org.osgi.test.cases.framework.secure.junit.permissions.FilteredTestControl'>
    <system-out>
      bundle=org.osgi.test.cases.framework.secure.permissions.exporter1
       [1026]
	[Bundle-SymbolicName: org.osgi.test.cases.framework.secure.permissions.exporter1]
      
	[Export-Package: org.osgi.test.cases.framework.secure.permissions.sharedPkg;version="1.0.0"]
      
	[Import-Package: org.osgi.framework;version="[1.7,2)",org.osgi.test.cases.framework.secure.permissions.sharedPkg;version="1.0.0"]
      
bundle=org.osgi.test.cases.framework.secure.permissions.importer1
       [1027]
	[Bundle-SymbolicName: org.osgi.test.cases.framework.secure.permissions.importer1]
      
	[Import-Package: org.osgi.framework;version="[1.7,2)",org.osgi.test.cases.framework.secure.permissions.sharedPkg;version="1.0.0"]
    </system-out>
  </testcase>
  <testcase name='testImportPackage8_2_3' time='0.726' classname='org.osgi.test.cases.framework.secure.junit.permissions.FilteredTestControl'>
    <system-out>
      bundle=org.osgi.test.cases.framework.secure.permissions.exporter1
       [1037]
	[Bundle-SymbolicName: org.osgi.test.cases.framework.secure.permissions.exporter1]
      
	[Export-Package: org.osgi.test.cases.framework.secure.permissions.sharedPkg;version="1.0.0"]
      
	[Import-Package: org.osgi.framework;version="[1.7,2)",org.osgi.test.cases.framework.secure.permissions.sharedPkg;version="1.0.0"]
      
bundle=org.osgi.test.cases.framework.secure.permissions.importer1
       [1038]
	[Bundle-SymbolicName: org.osgi.test.cases.framework.secure.permissions.importer1]
      
	[Import-Package: org.osgi.framework;version="[1.7,2)",org.osgi.test.cases.framework.secure.permissions.sharedPkg;version="1.0.0"]
    </system-out>
  </testcase>
  <testcase name='testImportPackage8_2_4' time='0.733' classname='org.osgi.test.cases.framework.secure.junit.permissions.FilteredTestControl'>
    <system-out>
      bundle=org.osgi.test.cases.framework.secure.permissions.exporter1
       [1048]
	[Bundle-SymbolicName: org.osgi.test.cases.framework.secure.permissions.exporter1]
      
	[Export-Package: org.osgi.test.cases.framework.secure.permissions.sharedPkg;version="1.0.0"]
      
	[Import-Package: org.osgi.framework;version="[1.7,2)",org.osgi.test.cases.framework.secure.permissions.sharedPkg;version="1.0.0"]
      
bundle=org.osgi.test.cases.framework.secure.permissions.importer1
       [1049]
	[Bundle-SymbolicName: org.osgi.test.cases.framework.secure.permissions.importer1]
      
	[Import-Package: org.osgi.framework;version="[1.7,2)",org.osgi.test.cases.framework.secure.permissions.sharedPkg;version="1.0.0"]
    </system-out>
  </testcase>
  <testcase name='testImportPackage8_3_1' time='0.736' classname='org.osgi.test.cases.framework.secure.junit.permissions.FilteredTestControl'/>
  <testcase name='testImportPackage8_3_2' time='0.726' classname='org.osgi.test.cases.framework.secure.junit.permissions.FilteredTestControl'/>
  <testcase name='testImportPackage8_3_3' time='0.724' classname='org.osgi.test.cases.framework.secure.junit.permissions.FilteredTestControl'/>
  <testcase name='testImportPackage8_3_4' time='0.730' classname='org.osgi.test.cases.framework.secure.junit.permissions.FilteredTestControl'/>
  <testcase name='testImportPackage8_4_1' time='0.741' classname='org.osgi.test.cases.framework.secure.junit.permissions.FilteredTestControl'>
    <system-out>
      bundle=org.osgi.test.cases.framework.secure.permissions.exporter1
       [1103]
	[Bundle-SymbolicName: org.osgi.test.cases.framework.secure.permissions.exporter1]
      
	[Export-Package: org.osgi.test.cases.framework.secure.permissions.sharedPkg;version="1.0.0"]
      
	[Import-Package: org.osgi.framework;version="[1.7,2)",org.osgi.test.cases.framework.secure.permissions.sharedPkg;version="1.0.0"]
      
bundle=org.osgi.test.cases.framework.secure.permissions.importer1
       [1104]
	[Bundle-SymbolicName: org.osgi.test.cases.framework.secure.permissions.importer1]
      
	[Import-Package: org.osgi.framework;version="[1.7,2)",org.osgi.test.cases.framework.secure.permissions.sharedPkg;version="1.0.0"]
    </system-out>
  </testcase>
  <testcase name='testImportPackage8_4_2' time='0.740' classname='org.osgi.test.cases.framework.secure.junit.permissions.FilteredTestControl'>
    <system-out>
      bundle=org.osgi.test.cases.framework.secure.permissions.exporter1
       [1114]
	[Bundle-SymbolicName: org.osgi.test.cases.framework.secure.permissions.exporter1]
      
	[Export-Package: org.osgi.test.cases.framework.secure.permissions.sharedPkg;version="1.0.0"]
      
	[Import-Package: org.osgi.framework;version="[1.7,2)",org.osgi.test.cases.framework.secure.permissions.sharedPkg;version="1.0.0"]
      
bundle=org.osgi.test.cases.framework.secure.permissions.importer1
       [1115]
	[Bundle-SymbolicName: org.osgi.test.cases.framework.secure.permissions.importer1]
      
	[Import-Package: org.osgi.framework;version="[1.7,2)",org.osgi.test.cases.framework.secure.permissions.sharedPkg;version="1.0.0"]
    </system-out>
  </testcase>
  <testcase name='testImportPackage8_4_3' time='0.721' classname='org.osgi.test.cases.framework.secure.junit.permissions.FilteredTestControl'>
    <system-out>
      bundle=org.osgi.test.cases.framework.secure.permissions.exporter1
       [1125]
	[Bundle-SymbolicName: org.osgi.test.cases.framework.secure.permissions.exporter1]
      
	[Export-Package: org.osgi.test.cases.framework.secure.permissions.sharedPkg;version="1.0.0"]
      
	[Import-Package: org.osgi.framework;version="[1.7,2)",org.osgi.test.cases.framework.secure.permissions.sharedPkg;version="1.0.0"]
      
bundle=org.osgi.test.cases.framework.secure.permissions.importer1
       [1126]
	[Bundle-SymbolicName: org.osgi.test.cases.framework.secure.permissions.importer1]
      
	[Import-Package: org.osgi.framework;version="[1.7,2)",org.osgi.test.cases.framework.secure.permissions.sharedPkg;version="1.0.0"]
    </system-out>
  </testcase>
  <testcase name='testImportPackage8_4_4' time='0.750' classname='org.osgi.test.cases.framework.secure.junit.permissions.FilteredTestControl'>
    <system-out>
      bundle=org.osgi.test.cases.framework.secure.permissions.exporter1
       [1136]
	[Bundle-SymbolicName: org.osgi.test.cases.framework.secure.permissions.exporter1]
      
	[Export-Package: org.osgi.test.cases.framework.secure.permissions.sharedPkg;version="1.0.0"]
      
	[Import-Package: org.osgi.framework;version="[1.7,2)",org.osgi.test.cases.framework.secure.permissions.sharedPkg;version="1.0.0"]
      
bundle=org.osgi.test.cases.framework.secure.permissions.importer1
       [1137]
	[Bundle-SymbolicName: org.osgi.test.cases.framework.secure.permissions.importer1]
      
	[Import-Package: org.osgi.framework;version="[1.7,2)",org.osgi.test.cases.framework.secure.permissions.sharedPkg;version="1.0.0"]
    </system-out>
  </testcase>
  <testcase name='testImportPackage8_4_5' time='0.688' classname='org.osgi.test.cases.framework.secure.junit.permissions.FilteredTestControl'>
    <system-out>
      bundle=org.osgi.test.cases.framework.secure.permissions.exporter1
       [1147]
	[Bundle-SymbolicName: org.osgi.test.cases.framework.secure.permissions.exporter1]
      
	[Export-Package: org.osgi.test.cases.framework.secure.permissions.sharedPkg;version="1.0.0"]
      
	[Import-Package: org.osgi.framework;version="[1.7,2)",org.osgi.test.cases.framework.secure.permissions.sharedPkg;version="1.0.0"]
      
bundle=org.osgi.test.cases.framework.secure.permissions.importer1
       [1148]
	[Bundle-SymbolicName: org.osgi.test.cases.framework.secure.permissions.importer1]
      
	[Import-Package: org.osgi.framework;version="[1.7,2)",org.osgi.test.cases.framework.secure.permissions.sharedPkg;version="1.0.0"]
    </system-out>
  </testcase>
  <testcase name='testImportPackage8_4_6' time='0.695' classname='org.osgi.test.cases.framework.secure.junit.permissions.FilteredTestControl'>
    <system-out>
      bundle=org.osgi.test.cases.framework.secure.permissions.exporter1
       [1158]
	[Bundle-SymbolicName: org.osgi.test.cases.framework.secure.permissions.exporter1]
      
	[Export-Package: org.osgi.test.cases.framework.secure.permissions.sharedPkg;version="1.0.0"]
      
	[Import-Package: org.osgi.framework;version="[1.7,2)",org.osgi.test.cases.framework.secure.permissions.sharedPkg;version="1.0.0"]
      
bundle=org.osgi.test.cases.framework.secure.permissions.importer1
       [1159]
	[Bundle-SymbolicName: org.osgi.test.cases.framework.secure.permissions.importer1]
      
	[Import-Package: org.osgi.framework;version="[1.7,2)",org.osgi.test.cases.framework.secure.permissions.sharedPkg;version="1.0.0"]
    </system-out>
  </testcase>
  <testcase name='testImportPackage8_4_7' time='0.714' classname='org.osgi.test.cases.framework.secure.junit.permissions.FilteredTestControl'>
    <system-out>
      bundle=org.osgi.test.cases.framework.secure.permissions.exporter1
       [1169]
	[Bundle-SymbolicName: org.osgi.test.cases.framework.secure.permissions.exporter1]
      
	[Export-Package: org.osgi.test.cases.framework.secure.permissions.sharedPkg;version="1.0.0"]
      
	[Import-Package: org.osgi.framework;version="[1.7,2)",org.osgi.test.cases.framework.secure.permissions.sharedPkg;version="1.0.0"]
      
bundle=org.osgi.test.cases.framework.secure.permissions.importer1
       [1170]
	[Bundle-SymbolicName: org.osgi.test.cases.framework.secure.permissions.importer1]
      
	[Import-Package: org.osgi.framework;version="[1.7,2)",org.osgi.test.cases.framework.secure.permissions.sharedPkg;version="1.0.0"]
    </system-out>
  </testcase>
  <testcase name='testImportPackage8_5_1' time='0.717' classname='org.osgi.test.cases.framework.secure.junit.permissions.FilteredTestControl'/>
  <testcase name='testImportPackage8_5_2' time='0.700' classname='org.osgi.test.cases.framework.secure.junit.permissions.FilteredTestControl'/>
  <testcase name='testImportPackage8_5_3' time='0.716' classname='org.osgi.test.cases.framework.secure.junit.permissions.FilteredTestControl'/>
  <testcase name='testImportPackage8_5_4' time='0.703' classname='org.osgi.test.cases.framework.secure.junit.permissions.FilteredTestControl'/>
  <testcase name='testImportPackage8_6_1' time='0.717' classname='org.osgi.test.cases.framework.secure.junit.permissions.FilteredTestControl'/>
  <testcase name='testPermission' time='0.87' classname='org.osgi.test.cases.framework.secure.junit.syncbundlelistener.SyncBundleListenerTests'/>
  <testcase name='testNoPermission' time='0.61' classname='org.osgi.test.cases.framework.secure.junit.syncbundlelistener.SyncBundleListenerTests'/>
</testsuite>